{"content": {"suites": {"0": {"status": {"total_pass": 5, "total_skip": 0, "total_xpass": 0, "total_xfail": 0, "total_rerun": 0, "total_fail": 3, "total_error": 0}, "tests": {"0": {"status": "PASS", "message": "", "test_name": "test_user_opens_manage_shows_page", "rerun": "0"}, "1": {"status": "PASS", "message": "", "test_name": "test_user_opens_create_new_show_page", "rerun": "0"}, "2": {"status": "FAIL", "message": "   selenium.common.exceptions.ElementClickInterceptedException: Message: element click intercepted: Element <div data-v-5b8c1b3e=\"\" class=\"link__title\">...</div> is not clickable at point (101, 618). Other element would receive the click: <div data-v-5177a972=\"\" class=\"request-progress-bar__wrapper wave-loader\">...</div>\n     (Session info: chrome=102.0.5005.63)\n   Stacktrace:\n   Backtrace:\n   \tOrdinal0 [0x0058B8F3+2406643]\n   \tOrdinal0 [0x0051AF31+1945393]\n   \tOrdinal0 [0x0040C748+837448]\n   \tOrdinal0 [0x0043FA1B+1047067]\n   \tOrdinal0 [0x0043D9F8+1038840]\n   \tOrdinal0 [0x0043B6DB+1029851]\n   \tOrdinal0 [0x0043A439+1025081]\n   \tOrdinal0 [0x00430083+983171]\n   \tOrdinal0 [0x0045427C+1131132]\n   \tOrdinal0 [0x0042FA64+981604]\n   \tOrdinal0 [0x00454494+1131668]\n   \tOrdinal0 [0x00464682+1197698]\n   \tOrdinal0 [0x00454096+1130646]\n   \tOrdinal0 [0x0042E636+976438]\n   \tOrdinal0 [0x0042F546+980294]\n   \tGetHandleVerifier [0x007F9612+2498066]\n   \tGetHandleVerifier [0x007EC920+2445600]\n   \tGetHandleVerifier [0x00624F2A+579370]\n   \tGetHandleVerifier [0x00623D36+574774]\n   \tOrdinal0 [0x00521C0B+1973259]\n   \tOrdinal0 [0x00526688+1992328]\n   \tOrdinal0 [0x00526775+1992565]\n   \tOrdinal0 [0x0052F8D1+2029777]\n   \tBaseThreadInitThunk [0x76EDFA29+25]\n   \tRtlGetAppContainerNamedObjectPath [0x777B7A7E+286]\n   \tRtlGetAppContainerNamedObjectPath [0x777B7A4E+238]\n", "test_name": "test_user_opens_manage_projects_page", "rerun": "0"}, "3": {"status": "FAIL", "message": "   selenium.common.exceptions.ElementClickInterceptedException: Message: element click intercepted: Element <div data-v-5b8c1b3e=\"\" class=\"link__title\">...</div> is not clickable at point (108, 647). Other element would receive the click: <div data-v-5177a972=\"\" class=\"request-progress-bar__wrapper wave-loader\">...</div>\n     (Session info: chrome=102.0.5005.63)\n   Stacktrace:\n   Backtrace:\n   \tOrdinal0 [0x0058B8F3+2406643]\n   \tOrdinal0 [0x0051AF31+1945393]\n   \tOrdinal0 [0x0040C748+837448]\n   \tOrdinal0 [0x0043FA1B+1047067]\n   \tOrdinal0 [0x0043D9F8+1038840]\n   \tOrdinal0 [0x0043B6DB+1029851]\n   \tOrdinal0 [0x0043A439+1025081]\n   \tOrdinal0 [0x00430083+983171]\n   \tOrdinal0 [0x0045427C+1131132]\n   \tOrdinal0 [0x0042FA64+981604]\n   \tOrdinal0 [0x00454494+1131668]\n   \tOrdinal0 [0x00464682+1197698]\n   \tOrdinal0 [0x00454096+1130646]\n   \tOrdinal0 [0x0042E636+976438]\n   \tOrdinal0 [0x0042F546+980294]\n   \tGetHandleVerifier [0x007F9612+2498066]\n   \tGetHandleVerifier [0x007EC920+2445600]\n   \tGetHandleVerifier [0x00624F2A+579370]\n   \tGetHandleVerifier [0x00623D36+574774]\n   \tOrdinal0 [0x00521C0B+1973259]\n   \tOrdinal0 [0x00526688+1992328]\n   \tOrdinal0 [0x00526775+1992565]\n   \tOrdinal0 [0x0052F8D1+2029777]\n   \tBaseThreadInitThunk [0x76EDFA29+25]\n   \tRtlGetAppContainerNamedObjectPath [0x777B7A7E+286]\n   \tRtlGetAppContainerNamedObjectPath [0x777B7A4E+238]\n", "test_name": "test_user_opens_create_new_project_page", "rerun": "0"}, "4": {"status": "FAIL", "message": "   selenium.common.exceptions.ElementClickInterceptedException: Message: element click intercepted: Element <div data-v-5b8c1b3e=\"\" class=\"link__title\">...</div> is not clickable at point (107, 676). Other element would receive the click: <div data-v-5177a972=\"\" class=\"request-progress-bar__wrapper wave-loader\">...</div>\n     (Session info: chrome=102.0.5005.63)\n   Stacktrace:\n   Backtrace:\n   \tOrdinal0 [0x0058B8F3+2406643]\n   \tOrdinal0 [0x0051AF31+1945393]\n   \tOrdinal0 [0x0040C748+837448]\n   \tOrdinal0 [0x0043FA1B+1047067]\n   \tOrdinal0 [0x0043D9F8+1038840]\n   \tOrdinal0 [0x0043B6DB+1029851]\n   \tOrdinal0 [0x0043A439+1025081]\n   \tOrdinal0 [0x00430083+983171]\n   \tOrdinal0 [0x0045427C+1131132]\n   \tOrdinal0 [0x0042FA64+981604]\n   \tOrdinal0 [0x00454494+1131668]\n   \tOrdinal0 [0x00464682+1197698]\n   \tOrdinal0 [0x00454096+1130646]\n   \tOrdinal0 [0x0042E636+976438]\n   \tOrdinal0 [0x0042F546+980294]\n   \tGetHandleVerifier [0x007F9612+2498066]\n   \tGetHandleVerifier [0x007EC920+2445600]\n   \tGetHandleVerifier [0x00624F2A+579370]\n   \tGetHandleVerifier [0x00623D36+574774]\n   \tOrdinal0 [0x00521C0B+1973259]\n   \tOrdinal0 [0x00526688+1992328]\n   \tOrdinal0 [0x00526775+1992565]\n   \tOrdinal0 [0x0052F8D1+2029777]\n   \tBaseThreadInitThunk [0x76EDFA29+25]\n   \tRtlGetAppContainerNamedObjectPath [0x777B7A7E+286]\n   \tRtlGetAppContainerNamedObjectPath [0x777B7A4E+238]\n", "test_name": "test_user_opens_notification_center_page", "rerun": "0"}, "5": {"status": "PASS", "message": "", "test_name": "test_user_opens_manage_sites_permissions_page", "rerun": "0"}, "6": {"status": "PASS", "message": "", "test_name": "test_user_opens_users_page", "rerun": "0"}, "7": {"status": "PASS", "message": "", "test_name": "test_user_opens_create_user_page", "rerun": "0"}}, "suite_name": "test_teams_smoke.py"}}}, "date": "June 09, 2022", "start_time": 1654785131.965961, "total_suite": 1, "status": "FAIL", "status_list": {"pass": "5", "fail": "3", "skip": "0", "error": "0", "xpass": "0", "xfail": "0", "rerun": "0"}, "total_tests": "8"}