{"content": {"suites": {"0": {"status": {"total_pass": 1, "total_skip": 0, "total_xpass": 0, "total_xfail": 0, "total_rerun": 0, "total_fail": 2, "total_error": 0}, "tests": {"0": {"status": "PASS", "message": "", "test_name": "test_search_show_by_status[Active]", "rerun": "0"}, "1": {"status": "FAIL", "message": "   selenium.common.exceptions.NoSuchElementException: Message: no such element: Unable to locate element: {\"method\":\"xpath\",\"selector\":\"//button[contains(@class, 'v-filter__toggle')]\"}\n     (Session info: chrome=102.0.5005.115)\n   Stacktrace:\n   Backtrace:\n   \tOrdinal0 [0x0124B8F3+2406643]\n   \tOrdinal0 [0x011DAF31+1945393]\n   \tOrdinal0 [0x010CC748+837448]\n   \tOrdinal0 [0x010F92E0+1020640]\n   \tOrdinal0 [0x010F957B+1021307]\n   \tOrdinal0 [0x01126372+1205106]\n   \tOrdinal0 [0x011142C4+1131204]\n   \tOrdinal0 [0x01124682+1197698]\n   \tOrdinal0 [0x01114096+1130646]\n   \tOrdinal0 [0x010EE636+976438]\n   \tOrdinal0 [0x010EF546+980294]\n   \tGetHandleVerifier [0x014B9612+2498066]\n   \tGetHandleVerifier [0x014AC920+2445600]\n   \tGetHandleVerifier [0x012E4F2A+579370]\n   \tGetHandleVerifier [0x012E3D36+574774]\n   \tOrdinal0 [0x011E1C0B+1973259]\n   \tOrdinal0 [0x011E6688+1992328]\n   \tOrdinal0 [0x011E6775+1992565]\n   \tOrdinal0 [0x011EF8D1+2029777]\n   \tBaseThreadInitThunk [0x75D8FA29+25]\n   \tRtlGetAppContainerNamedObjectPath [0x77B07A9E+286]\n   \tRtlGetAppContainerNamedObjectPath [0x77B07A6E+238]\n", "test_name": "test_search_show_by_status[Inactive]", "rerun": "0"}, "2": {"status": "FAIL", "message": "   selenium.common.exceptions.NoSuchElementException: Message: no such element: Unable to locate element: {\"method\":\"xpath\",\"selector\":\"//button[contains(@class, 'v-filter__toggle')]\"}\n     (Session info: chrome=102.0.5005.115)\n   Stacktrace:\n   Backtrace:\n   \tOrdinal0 [0x0124B8F3+2406643]\n   \tOrdinal0 [0x011DAF31+1945393]\n   \tOrdinal0 [0x010CC748+837448]\n   \tOrdinal0 [0x010F92E0+1020640]\n   \tOrdinal0 [0x010F957B+1021307]\n   \tOrdinal0 [0x01126372+1205106]\n   \tOrdinal0 [0x011142C4+1131204]\n   \tOrdinal0 [0x01124682+1197698]\n   \tOrdinal0 [0x01114096+1130646]\n   \tOrdinal0 [0x010EE636+976438]\n   \tOrdinal0 [0x010EF546+980294]\n   \tGetHandleVerifier [0x014B9612+2498066]\n   \tGetHandleVerifier [0x014AC920+2445600]\n   \tGetHandleVerifier [0x012E4F2A+579370]\n   \tGetHandleVerifier [0x012E3D36+574774]\n   \tOrdinal0 [0x011E1C0B+1973259]\n   \tOrdinal0 [0x011E6688+1992328]\n   \tOrdinal0 [0x011E6775+1992565]\n   \tOrdinal0 [0x011EF8D1+2029777]\n   \tBaseThreadInitThunk [0x75D8FA29+25]\n   \tRtlGetAppContainerNamedObjectPath [0x77B07A9E+286]\n   \tRtlGetAppContainerNamedObjectPath [0x77B07A6E+238]\n", "test_name": "test_search_show_by_status[Delivered]", "rerun": "0"}}, "suite_name": "Test_Cases/test_manage_shows.py"}}}, "date": "June 20, 2022", "start_time": 1655723589.3347948, "total_suite": 1, "status": "FAIL", "status_list": {"pass": "1", "fail": "2", "skip": "0", "error": "0", "xpass": "0", "xfail": "0", "rerun": "0"}, "total_tests": "3"}